2019-10-25 10:23:06 [scrapy.utils.log] INFO: Scrapy 1.7.3 started (bot: amazon_2)
2019-10-25 10:23:06 [scrapy.utils.log] INFO: Versions: lxml 4.4.1.0, libxml2 2.9.9, cssselect 1.1.0, parsel 1.5.2, w3lib 1.21.0, Twisted 19.7.0, Python 3.6.8 (default, Oct  7 2019, 12:59:55) - [GCC 8.3.0], pyOpenSSL 19.0.0 (OpenSSL 1.1.1c  28 May 2019), cryptography 2.7, Platform Linux-5.0.0-32-generic-x86_64-with-Ubuntu-18.04-bionic
2019-10-25 10:23:06 [scrapy.crawler] INFO: Overridden settings: {'BOT_NAME': 'amazon_2', 'DOWNLOAD_DELAY': 0.5, 'LOG_FILE': 'logs/default/amazon_search_result/48461928f6f811e996d0a44e3195b6b8.log', 'NEWSPIDER_MODULE': 'amazon_2.spiders', 'SPIDER_MODULES': ['amazon_2.spiders']}
2019-10-25 10:23:06 [scrapy.extensions.telnet] INFO: Telnet Password: e82197212e623b67
2019-10-25 10:23:06 [scrapy.middleware] INFO: Enabled extensions:
['scrapy.extensions.corestats.CoreStats',
 'scrapy.extensions.telnet.TelnetConsole',
 'scrapy.extensions.memusage.MemoryUsage',
 'scrapy.extensions.logstats.LogStats']
2019-10-25 10:23:06 [root] WARNING: {'keywords': 'laptop, pc', 'max_pages': '', '_job': '48461928f6f811e996d0a44e3195b6b8'}
2019-10-25 10:23:06 [scrapy.middleware] INFO: Enabled downloader middlewares:
['scrapy.downloadermiddlewares.httpauth.HttpAuthMiddleware',
 'scrapy.downloadermiddlewares.downloadtimeout.DownloadTimeoutMiddleware',
 'scrapy.downloadermiddlewares.defaultheaders.DefaultHeadersMiddleware',
 'scrapy_useragents.downloadermiddlewares.useragents.UserAgentsMiddleware',
 'scrapy.downloadermiddlewares.retry.RetryMiddleware',
 'scrapy.downloadermiddlewares.redirect.MetaRefreshMiddleware',
 'scrapy.downloadermiddlewares.httpcompression.HttpCompressionMiddleware',
 'scrapy.downloadermiddlewares.redirect.RedirectMiddleware',
 'scrapy.downloadermiddlewares.cookies.CookiesMiddleware',
 'scrapy.downloadermiddlewares.stats.DownloaderStats']
2019-10-25 10:23:06 [scrapy.middleware] INFO: Enabled spider middlewares:
['scrapy.spidermiddlewares.httperror.HttpErrorMiddleware',
 'scrapy.spidermiddlewares.offsite.OffsiteMiddleware',
 'scrapy.spidermiddlewares.referer.RefererMiddleware',
 'scrapy.spidermiddlewares.urllength.UrlLengthMiddleware',
 'scrapy.spidermiddlewares.depth.DepthMiddleware']
2019-10-25 10:23:06 [scrapy.middleware] INFO: Enabled item pipelines:
['amazon_2.pipelines.AmazonSearchResultPipeline',
 'amazon_2.pipelines.AmazonProductDump']
2019-10-25 10:23:06 [scrapy.core.engine] INFO: Spider opened
2019-10-25 10:23:06 [scrapy.extensions.logstats] INFO: Crawled 0 pages (at 0 pages/min), scraped 0 items (at 0 items/min)
2019-10-25 10:23:06 [scrapy.extensions.telnet] INFO: Telnet console listening on 127.0.0.1:6023
2019-10-25 10:23:07 [scrapy.core.engine] DEBUG: Crawled (200) <GET https://www.example.com> (referer: None)
2019-10-25 10:23:09 [scrapy.core.engine] DEBUG: Crawled (200) <GET https://www.amazon.in/s?k=%20pc> (referer: https://www.example.com)
2019-10-25 10:23:09 [scrapy.core.scraper] DEBUG: Scraped from <200 https://www.amazon.in/s?k=%20pc>
{'asin': 'B07TF63RRB',
 'free_delivery': True,
 'is_amazonchoice': False,
 'keyword': ' pc',
 'price': 13600.0,
 'prime': True,
 'rewiev_count': 1,
 'scrapper': 'amazon_search_result',
 'sponsored': True,
 'sponsored_page': 1,
 'sponsored_position': '0',
 'stars': 5.0,
 'title': 'MILESTONE iBALL Desktop PC Intel Dual Core, 4GB DDR3, Intel HD '
          'Graphics, 1TB HDD 7200RPM, WiFi and Win 10 Trial Black',
 'url': 'https://www.amazon.in/gp/slredirect/picassoRedirect.html/ref=pa_sp_atf_aps_sr_pg1_1?ie=UTF8&adId=A02187261H8VP5CBRC3P5&url=%2FMILESTONE-iBALL-Desktop-Graphics-7200RPM%2Fdp%2FB07TF63RRB%2Fref%3Dsr_1_1_sspa%3Fkeywords%3Dpc%26qid%3D1571988188%26sr%3D8-1-spons%26psc%3D1%26smid%3DA31XWZAM98J5A5&qualifier=1571988188&id=1729755829464979&widgetName=sp_atf'}
2019-10-25 10:23:09 [scrapy.crawler] INFO: Received SIGTERM, shutting down gracefully. Send again to force 
2019-10-25 10:23:09 [scrapy.core.scraper] DEBUG: Scraped from <200 https://www.amazon.in/s?k=%20pc>
{'asin': 'B07VF972FL',
 'free_delivery': False,
 'is_amazonchoice': False,
 'keyword': ' pc',
 'price': 14990.0,
 'prime': False,
 'rewiev_count': 8,
 'scrapper': 'amazon_search_result',
 'sponsored': True,
 'sponsored_page': 1,
 'sponsored_position': '1',
 'stars': 1.8,
 'title': 'Trident MT581 Desktop PC (Intel Core i5-2400 2.5 Ghz (Max 3.1 Ghz), '
          '8GB DDR3, Intel HD Graphics, 1TB HDD 7200RPM, WiFi & Win 10) Black '
          '(8GB)',
 'url': 'https://www.amazon.in/gp/slredirect/picassoRedirect.html/ref=pa_sp_atf_aps_sr_pg1_2?ie=UTF8&adId=A085461234TDEBIAVECOA&url=%2FTrident-MT581-Desktop-i5-2400-Graphics%2Fdp%2FB07VF972FL%2Fref%3Dsr_1_2_sspa%3Fkeywords%3Dpc%26qid%3D1571988188%26sr%3D8-2-spons%26psc%3D1&qualifier=1571988188&id=1729755829464979&widgetName=sp_atf'}
2019-10-25 10:23:09 [scrapy.core.engine] INFO: Closing spider (shutdown)
2019-10-25 10:23:09 [scrapy.core.scraper] ERROR: Error processing {'asin': 'B07HFBMPH4',
 'free_delivery': True,
 'is_amazonchoice': False,
 'keyword': ' pc',
 'price': 18999.0,
 'prime': True,
 'rewiev_count': 92,
 'scrapper': 'amazon_search_result',
 'sponsored': False,
 'sponsored_page': False,
 'sponsored_position': False,
 'stars': 3.5,
 'title': 'Lenovo AIO 330 F0D7001AIN 19.5-inch All-in-One Desktop '
          '(J4005/4GB/1TB/DOS/Integrated Graphics), Black',
 'url': 'https://www.amazon.in/Lenovo-330-20IGM-AIO-19-5-inch-Integrated/dp/B07HFBMPH4/ref=sr_1_3?keywords=pc&qid=1571988188&sr=8-3'}
Traceback (most recent call last):
  File "/home/artem/PycharmProjects/amazon_launch_api/venv/lib/python3.6/site-packages/twisted/internet/defer.py", line 654, in _runCallbacks
    current.result = callback(current.result, *args, **kw)
  File "/home/artem/PycharmProjects/amazon_launch_api/amazon_search_result_scrapper/amazon_2/amazon_2/pipelines.py", line 243, in process_item
    self.store_db(item)
  File "/home/artem/PycharmProjects/amazon_launch_api/amazon_search_result_scrapper/amazon_2/amazon_2/pipelines.py", line 297, in store_db
    keywords.append(item['keywords'])
  File "/home/artem/PycharmProjects/amazon_launch_api/venv/lib/python3.6/site-packages/scrapy/item.py", line 66, in __getitem__
    return self._values[key]
KeyError: 'keywords'
2019-10-25 10:23:09 [scrapy.core.scraper] ERROR: Error processing {'asin': 'B07T3S6CSS',
 'free_delivery': True,
 'is_amazonchoice': False,
 'keyword': ' pc',
 'price': 10999.0,
 'prime': True,
 'rewiev_count': 55,
 'scrapper': 'amazon_search_result',
 'sponsored': False,
 'sponsored_page': False,
 'sponsored_position': False,
 'stars': 2.7,
 'title': 'Rolltop Assembled Desktop Computer,Intel Core 2 Duo 3.0 GHZ '
          'Processor,G 31 Motherboard, 15.6 Inch LED Monitor 4 GB RAM,DVD R/W '
          '(500 GB)',
 'url': 'https://www.amazon.in/Rolltop-Assembled-Computer-Processor-Motherboard/dp/B07T3S6CSS/ref=sr_1_4?keywords=pc&qid=1571988188&sr=8-4'}
Traceback (most recent call last):
  File "/home/artem/PycharmProjects/amazon_launch_api/venv/lib/python3.6/site-packages/twisted/internet/defer.py", line 654, in _runCallbacks
    current.result = callback(current.result, *args, **kw)
  File "/home/artem/PycharmProjects/amazon_launch_api/amazon_search_result_scrapper/amazon_2/amazon_2/pipelines.py", line 243, in process_item
    self.store_db(item)
  File "/home/artem/PycharmProjects/amazon_launch_api/amazon_search_result_scrapper/amazon_2/amazon_2/pipelines.py", line 297, in store_db
    keywords.append(item['keywords'])
  File "/home/artem/PycharmProjects/amazon_launch_api/venv/lib/python3.6/site-packages/scrapy/item.py", line 66, in __getitem__
    return self._values[key]
KeyError: 'keywords'
2019-10-25 10:23:09 [scrapy.core.scraper] ERROR: Error processing {'asin': 'B07SSV2NYW',
 'free_delivery': True,
 'is_amazonchoice': False,
 'keyword': ' pc',
 'price': 17299.0,
 'prime': True,
 'rewiev_count': 15,
 'scrapper': 'amazon_search_result',
 'sponsored': False,
 'sponsored_page': False,
 'sponsored_position': False,
 'stars': 3.6,
 'title': 'Electrobot Budget Gaming PC - Intel i5-2400 - 8GB RAM - 1TB HDD - '
          'NVIDIA GT 710 2GB - WiFi,Gaming Cabinet with RGB Strip Light',
 'url': 'https://www.amazon.in/Electrobot-Budget-Gaming-PC-i5-2400/dp/B07SSV2NYW/ref=sr_1_5?keywords=pc&qid=1571988188&smid=A1NDZY44BCNIQJ&sr=8-5'}
Traceback (most recent call last):
  File "/home/artem/PycharmProjects/amazon_launch_api/venv/lib/python3.6/site-packages/twisted/internet/defer.py", line 654, in _runCallbacks
    current.result = callback(current.result, *args, **kw)
  File "/home/artem/PycharmProjects/amazon_launch_api/amazon_search_result_scrapper/amazon_2/amazon_2/pipelines.py", line 243, in process_item
    self.store_db(item)
  File "/home/artem/PycharmProjects/amazon_launch_api/amazon_search_result_scrapper/amazon_2/amazon_2/pipelines.py", line 297, in store_db
    keywords.append(item['keywords'])
  File "/home/artem/PycharmProjects/amazon_launch_api/venv/lib/python3.6/site-packages/scrapy/item.py", line 66, in __getitem__
    return self._values[key]
KeyError: 'keywords'
2019-10-25 10:23:09 [scrapy.core.scraper] ERROR: Error processing {'asin': 'B01GFPGHSM',
 'free_delivery': True,
 'is_amazonchoice': False,
 'keyword': ' pc',
 'price': 8299.0,
 'prime': True,
 'rewiev_count': 1558,
 'scrapper': 'amazon_search_result',
 'sponsored': False,
 'sponsored_page': False,
 'sponsored_position': False,
 'stars': 4.3,
 'title': 'Samsung 23.5 inch (59.8 cm) Curved LED Backlit Computer Monitor - '
          'Full HD, VA Panel with VGA, HDMI, Audio Ports - LC24F390FHWXXL '
          '(Black)',
 'url': 'https://www.amazon.in/Samsung-23-5-inch-Curved-Monitor/dp/B01GFPGHSM/ref=sr_1_6?keywords=pc&qid=1571988188&smid=A14CZOWI0VEHLG&sr=8-6'}
Traceback (most recent call last):
  File "/home/artem/PycharmProjects/amazon_launch_api/venv/lib/python3.6/site-packages/twisted/internet/defer.py", line 654, in _runCallbacks
    current.result = callback(current.result, *args, **kw)
  File "/home/artem/PycharmProjects/amazon_launch_api/amazon_search_result_scrapper/amazon_2/amazon_2/pipelines.py", line 243, in process_item
    self.store_db(item)
  File "/home/artem/PycharmProjects/amazon_launch_api/amazon_search_result_scrapper/amazon_2/amazon_2/pipelines.py", line 297, in store_db
    keywords.append(item['keywords'])
  File "/home/artem/PycharmProjects/amazon_launch_api/venv/lib/python3.6/site-packages/scrapy/item.py", line 66, in __getitem__
    return self._values[key]
KeyError: 'keywords'
2019-10-25 10:23:09 [scrapy.core.scraper] DEBUG: Scraped from <200 https://www.amazon.in/s?k=%20pc>
{'asin': 'B07SX4Q5TL',
 'free_delivery': True,
 'is_amazonchoice': False,
 'keyword': ' pc',
 'price': 8550.0,
 'prime': True,
 'rewiev_count': 26,
 'scrapper': 'amazon_search_result',
 'sponsored': False,
 'sponsored_page': False,
 'sponsored_position': False,
 'stars': 2.8,
 'title': 'Electrobot EB-i5/8GB/500GB Tower PC Assembled Computer with Intel '
          'i5 3.20GHz Desktop PC (8GB Ram/500GB HDD 7200RPM/WiFi)',
 'url': 'https://www.amazon.in/Electrobot-Assembled-Computer-3-20GHz-Desktop/dp/B07SX4Q5TL/ref=sr_1_7?keywords=pc&qid=1571988188&sr=8-7'}
2019-10-25 10:23:09 [scrapy.core.scraper] ERROR: Error processing {'asin': 'B0795QS9ZD',
 'free_delivery': False,
 'is_amazonchoice': False,
 'keyword': ' pc',
 'price': 11200.0,
 'prime': False,
 'rewiev_count': 128,
 'scrapper': 'amazon_search_result',
 'sponsored': False,
 'sponsored_page': False,
 'sponsored_position': False,
 'stars': 2.3,
 'title': 'Iball-Intel Desktop PC - Intel Core i5 Processor 3.20GHz / 8GB RAM '
          '/ 1TB Hard Disk/DVD / WiFi',
 'url': 'https://www.amazon.in/Iball-Intel-Desktop-PC-Processor-3-20GHz/dp/B0795QS9ZD/ref=sr_1_8?keywords=pc&qid=1571988188&sr=8-8'}
Traceback (most recent call last):
  File "/home/artem/PycharmProjects/amazon_launch_api/venv/lib/python3.6/site-packages/twisted/internet/defer.py", line 654, in _runCallbacks
    current.result = callback(current.result, *args, **kw)
  File "/home/artem/PycharmProjects/amazon_launch_api/amazon_search_result_scrapper/amazon_2/amazon_2/pipelines.py", line 243, in process_item
    self.store_db(item)
  File "/home/artem/PycharmProjects/amazon_launch_api/amazon_search_result_scrapper/amazon_2/amazon_2/pipelines.py", line 294, in store_db
    keywords = json.loads(row[16])
  File "/usr/lib/python3.6/json/__init__.py", line 354, in loads
    return _default_decoder.decode(s)
  File "/usr/lib/python3.6/json/decoder.py", line 339, in decode
    obj, end = self.raw_decode(s, idx=_w(s, 0).end())
  File "/usr/lib/python3.6/json/decoder.py", line 357, in raw_decode
    raise JSONDecodeError("Expecting value", s, err.value) from None
json.decoder.JSONDecodeError: Expecting value: line 1 column 1 (char 0)
2019-10-25 10:23:09 [scrapy.core.scraper] ERROR: Error processing {'asin': 'B07TCJD8FX',
 'free_delivery': True,
 'is_amazonchoice': False,
 'keyword': ' pc',
 'price': 14885.0,
 'prime': True,
 'rewiev_count': 45,
 'scrapper': 'amazon_search_result',
 'sponsored': False,
 'sponsored_page': False,
 'sponsored_position': False,
 'stars': 3.9,
 'title': 'HP Slimline Desktop - 290 - a0020in (Intel Celeron J4005/4GB '
          'DDR4/1TB 7200RPM/Windows 10 Home/802.11a/b/g/n/ac (1x1) and '
          'Bluetooth 4.2 Combo)',
 'url': 'https://www.amazon.in/HP-Slimline-Desktop-a0020in-Bluetooth/dp/B07TCJD8FX/ref=sr_1_9?keywords=pc&qid=1571988188&sr=8-9'}
Traceback (most recent call last):
  File "/home/artem/PycharmProjects/amazon_launch_api/venv/lib/python3.6/site-packages/twisted/internet/defer.py", line 654, in _runCallbacks
    current.result = callback(current.result, *args, **kw)
  File "/home/artem/PycharmProjects/amazon_launch_api/amazon_search_result_scrapper/amazon_2/amazon_2/pipelines.py", line 243, in process_item
    self.store_db(item)
  File "/home/artem/PycharmProjects/amazon_launch_api/amazon_search_result_scrapper/amazon_2/amazon_2/pipelines.py", line 297, in store_db
    keywords.append(item['keywords'])
  File "/home/artem/PycharmProjects/amazon_launch_api/venv/lib/python3.6/site-packages/scrapy/item.py", line 66, in __getitem__
    return self._values[key]
KeyError: 'keywords'
2019-10-25 10:23:09 [scrapy.core.scraper] DEBUG: Scraped from <200 https://www.amazon.in/s?k=%20pc>
{'asin': 'B01FJHV47Q',
 'free_delivery': True,
 'is_amazonchoice': False,
 'keyword': ' pc',
 'price': 899.0,
 'prime': True,
 'rewiev_count': 3063,
 'scrapper': 'amazon_search_result',
 'sponsored': False,
 'sponsored_page': False,
 'sponsored_position': False,
 'stars': 4.2,
 'title': 'Redgear Pro Series Wired Gamepad Plug and Play Support for All PC '
          'Games Supports Windows/8/8.1/10',
 'url': 'https://www.amazon.in/Redgear-Pro-Gamepad-Support-Supports/dp/B01FJHV47Q/ref=sr_1_10?keywords=pc&qid=1571988188&smid=A14CZOWI0VEHLG&sr=8-10'}
2019-10-25 10:23:09 [scrapy.core.scraper] DEBUG: Scraped from <200 https://www.amazon.in/s?k=%20pc>
{'asin': 'B07Z26D5FD',
 'free_delivery': True,
 'is_amazonchoice': False,
 'keyword': ' pc',
 'price': 9499.0,
 'prime': True,
 'rewiev_count': None,
 'scrapper': 'amazon_search_result',
 'sponsored': True,
 'sponsored_page': 1,
 'sponsored_position': '10',
 'stars': None,
 'title': 'Gandiva Desktop Computer (Core 2 Duo CPU / 4GB DDR2 Desktop RAM/No '
          'DVD Drive/USB Keyboard and Mouse / 15.6 Inch Monitor/WiFi Facility) '
          'with Windows 7 Trail Version Pre Installed (250GB HDD)',
 'url': 'https://www.amazon.in/gp/slredirect/picassoRedirect.html/ref=pa_sp_mtf_aps_sr_pg1_1?ie=UTF8&adId=A083598726OPEQ28VNFGY&url=%2FGandiva-Computer-Keyboard-Facility-Installed%2Fdp%2FB07Z26D5FD%2Fref%3Dsr_1_11_sspa%3Fkeywords%3Dpc%26qid%3D1571988188%26sr%3D8-11-spons%26psc%3D1&qualifier=1571988188&id=1729755829464979&widgetName=sp_mtf'}
2019-10-25 10:23:09 [scrapy.core.scraper] DEBUG: Scraped from <200 https://www.amazon.in/s?k=%20pc>
{'asin': 'B07JGPNPYP',
 'free_delivery': True,
 'is_amazonchoice': False,
 'keyword': ' pc',
 'price': 6099.0,
 'prime': True,
 'rewiev_count': None,
 'scrapper': 'amazon_search_result',
 'sponsored': True,
 'sponsored_page': 1,
 'sponsored_position': '11',
 'stars': None,
 'title': 'Gandiva Desktop Computer (Core 2 Duo CPU / G31 Motherboard / 4GB '
          'DDR2 Desktop RAM/No DVD Drive/WiFi Facility) with Windows 7 Trail '
          'Version Pre Installed (320GB HDD)',
 'url': 'https://www.amazon.in/gp/slredirect/picassoRedirect.html/ref=pa_sp_mtf_aps_sr_pg1_2?ie=UTF8&adId=A00637993LYB10XFPGSE3&url=%2FGandiva-Assembled-Processor-Installed-Operating%2Fdp%2FB07JGPNPYP%2Fref%3Dsr_1_12_sspa%3Fkeywords%3Dpc%26qid%3D1571988188%26sr%3D8-12-spons%26psc%3D1&qualifier=1571988188&id=1729755829464979&widgetName=sp_mtf'}
2019-10-25 10:23:09 [scrapy.core.scraper] ERROR: Error processing {'asin': 'B07GBBCH4B',
 'free_delivery': True,
 'is_amazonchoice': False,
 'keyword': ' pc',
 'price': 699.0,
 'prime': True,
 'rewiev_count': 263,
 'scrapper': 'amazon_search_result',
 'sponsored': False,
 'sponsored_page': False,
 'sponsored_position': False,
 'stars': 4.0,
 'title': 'Cosmic Byte H1 Gaming Headphone with Mic for PC, Laptops, Mobile, '
          'PS4, Xbox One (Blue)',
 'url': 'https://www.amazon.in/Cosmic-Byte-H1-Headphone-Laptops/dp/B07GBBCH4B/ref=sr_1_13?keywords=pc&qid=1571988188&smid=AT95IG9ONZD7S&sr=8-13'}
Traceback (most recent call last):
  File "/home/artem/PycharmProjects/amazon_launch_api/venv/lib/python3.6/site-packages/twisted/internet/defer.py", line 654, in _runCallbacks
    current.result = callback(current.result, *args, **kw)
  File "/home/artem/PycharmProjects/amazon_launch_api/amazon_search_result_scrapper/amazon_2/amazon_2/pipelines.py", line 243, in process_item
    self.store_db(item)
  File "/home/artem/PycharmProjects/amazon_launch_api/amazon_search_result_scrapper/amazon_2/amazon_2/pipelines.py", line 297, in store_db
    keywords.append(item['keywords'])
AttributeError: 'str' object has no attribute 'append'
2019-10-25 10:23:09 [scrapy.core.scraper] ERROR: Error processing {'asin': 'B00PML35RC',
 'free_delivery': False,
 'is_amazonchoice': False,
 'keyword': ' pc',
 'price': 449.0,
 'prime': False,
 'rewiev_count': 102,
 'scrapper': 'amazon_search_result',
 'sponsored': False,
 'sponsored_page': False,
 'sponsored_position': False,
 'stars': 4.3,
 'title': 'AmazonBasics 6-Feet VGA to VGA Cable',
 'url': 'https://www.amazon.in/AmazonBasics-6-Feet-VGA-Cable/dp/B00PML35RC/ref=sr_1_14?keywords=pc&qid=1571988188&smid=AT95IG9ONZD7S&sr=8-14'}
Traceback (most recent call last):
  File "/home/artem/PycharmProjects/amazon_launch_api/venv/lib/python3.6/site-packages/twisted/internet/defer.py", line 654, in _runCallbacks
    current.result = callback(current.result, *args, **kw)
  File "/home/artem/PycharmProjects/amazon_launch_api/amazon_search_result_scrapper/amazon_2/amazon_2/pipelines.py", line 243, in process_item
    self.store_db(item)
  File "/home/artem/PycharmProjects/amazon_launch_api/amazon_search_result_scrapper/amazon_2/amazon_2/pipelines.py", line 297, in store_db
    keywords.append(item['keywords'])
AttributeError: 'str' object has no attribute 'append'
2019-10-25 10:23:09 [scrapy.core.scraper] DEBUG: Scraped from <200 https://www.amazon.in/s?k=%20pc>
{'asin': 'B00MFCT3GS',
 'free_delivery': False,
 'is_amazonchoice': False,
 'keyword': ' pc',
 'price': 149.0,
 'prime': False,
 'rewiev_count': 1989,
 'scrapper': 'amazon_search_result',
 'sponsored': False,
 'sponsored_page': False,
 'sponsored_position': False,
 'stars': 3.9,
 'title': 'QUANTUM QHM6633 4-Port USB Hub (Multicolor)',
 'url': 'https://www.amazon.in/Quantum-QHM6633-Port-color-vary/dp/B00MFCT3GS/ref=sr_1_15?keywords=pc&qid=1571988188&sr=8-15'}
2019-10-25 10:23:09 [scrapy.core.engine] DEBUG: Crawled (200) <GET https://www.amazon.in/s?k=laptop> (referer: https://www.example.com)
2019-10-25 10:23:09 [scrapy.core.scraper] ERROR: Error processing {'asin': 'B012AQIQ48',
 'free_delivery': True,
 'is_amazonchoice': False,
 'keyword': ' pc',
 'price': 4799.0,
 'prime': True,
 'rewiev_count': 533,
 'scrapper': 'amazon_search_result',
 'sponsored': False,
 'sponsored_page': False,
 'sponsored_position': False,
 'stars': 3.9,
 'title': 'Dell 19.5 inch (49.41 cm) LED Backlit Computer Monitor - HD, TN '
          'Panel with VGA Port - E2016HV (Black)',
 'url': 'https://www.amazon.in/Dell-19-5-inch-49-5-Monitor/dp/B012AQIQ48/ref=sr_1_16?keywords=pc&qid=1571988188&sr=8-16'}
Traceback (most recent call last):
  File "/home/artem/PycharmProjects/amazon_launch_api/venv/lib/python3.6/site-packages/twisted/internet/defer.py", line 654, in _runCallbacks
    current.result = callback(current.result, *args, **kw)
  File "/home/artem/PycharmProjects/amazon_launch_api/amazon_search_result_scrapper/amazon_2/amazon_2/pipelines.py", line 243, in process_item
    self.store_db(item)
  File "/home/artem/PycharmProjects/amazon_launch_api/amazon_search_result_scrapper/amazon_2/amazon_2/pipelines.py", line 297, in store_db
    keywords.append(item['keywords'])
AttributeError: 'str' object has no attribute 'append'
2019-10-25 10:23:09 [scrapy.core.scraper] DEBUG: Scraped from <200 https://www.amazon.in/s?k=%20pc>
{'asin': 'B07GW91XZP',
 'free_delivery': False,
 'is_amazonchoice': False,
 'keyword': ' pc',
 'price': 329.0,
 'prime': False,
 'rewiev_count': 1,
 'scrapper': 'amazon_search_result',
 'sponsored': False,
 'sponsored_page': False,
 'sponsored_position': False,
 'stars': 2.0,
 'title': 'rts VGA Switch selector Box with 2 VGA Input 1 VGA Input 2 Manual '
          'Switch Button up to 1980X1440 Resolution Input Signal Compatible '
          'for Laptop PC Monitor TV Projector',
 'url': 'https://www.amazon.in/rts-VGA-Switch-Resolution-Compatible/dp/B07GW91XZP/ref=sr_1_17?keywords=pc&qid=1571988188&sr=8-17'}
2019-10-25 10:23:09 [scrapy.core.scraper] DEBUG: Scraped from <200 https://www.amazon.in/s?k=%20pc>
{'asin': 'B07SSTTLC5',
 'free_delivery': True,
 'is_amazonchoice': False,
 'keyword': ' pc',
 'price': 649.0,
 'prime': True,
 'rewiev_count': 274,
 'scrapper': 'amazon_search_result',
 'sponsored': False,
 'sponsored_page': False,
 'sponsored_position': False,
 'stars': 4.3,
 'title': 'Xmate Zorro Pro 3200DPI, Rechargeable 2.4Ghz Wireless Gaming Mouse '
          'with USB Receiver, 6 Button, 7 Colors Backlit for Computer PC, '
          'Laptop, 600Mah Lithium Battery with ABS Body for Gamers (Black)',
 'url': 'https://www.amazon.in/Xmate-Zorro-Pro-Rechargeable-Wireless/dp/B07SSTTLC5/ref=sr_1_18?keywords=pc&qid=1571988188&smid=A14CZOWI0VEHLG&sr=8-18'}
2019-10-25 10:23:09 [scrapy.core.scraper] DEBUG: Scraped from <200 https://www.amazon.in/s?k=%20pc>
{'asin': 'B00OFM6PFS',
 'free_delivery': False,
 'is_amazonchoice': False,
 'keyword': ' pc',
 'price': 299.0,
 'prime': False,
 'rewiev_count': 224,
 'scrapper': 'amazon_search_result',
 'sponsored': False,
 'sponsored_page': False,
 'sponsored_position': False,
 'stars': 4.4,
 'title': 'Storite USB 3.0 Male A To Female A Extension Cable Speed 5GBps for '
          'Laptop/PC/Printers - (3M-300cm-9 feet) -Black',
 'url': 'https://www.amazon.in/300cm-3Metre-Storite%C2%82-Extension-Printers/dp/B00OFM6PFS/ref=sr_1_19?keywords=pc&qid=1571988188&smid=A3FPNGXJ2Z95CC&sr=8-19'}
2019-10-25 10:23:10 [scrapy.core.scraper] DEBUG: Scraped from <200 https://www.amazon.in/s?k=laptop>
{'asin': 'B07RP2K7CS',
 'free_delivery': True,
 'is_amazonchoice': False,
 'keyword': 'laptop',
 'price': 15990.0,
 'prime': True,
 'rewiev_count': 159,
 'scrapper': 'amazon_search_result',
 'sponsored': True,
 'sponsored_page': 1,
 'sponsored_position': '0',
 'stars': 3.1,
 'title': 'Acer Aspire 3 A315-53 15.6-inch Laptop (Intel Celeron Processor '
          '3867U/4GB/500GB HDD/Windows 10 Home 64 bit/Intel HD 610 Graphics), '
          'Obsidian Black',
 'url': 'https://www.amazon.in/gp/slredirect/picassoRedirect.html/ref=pa_sp_atf_aps_sr_pg1_1?ie=UTF8&adId=A00819241NFYGIIFGITG&url=%2FAcer-A315-53-15-6-inch-Processor-Graphics%2Fdp%2FB07RP2K7CS%2Fref%3Dsr_1_1_sspa%3Fkeywords%3Dlaptop%26qid%3D1571988188%26smid%3DA14CZOWI0VEHLG%26sr%3D8-1-spons%26psc%3D1&qualifier=1571988188&id=787899460352661&widgetName=sp_atf'}
2019-10-25 10:23:10 [scrapy.core.scraper] DEBUG: Scraped from <200 https://www.amazon.in/s?k=%20pc>
{'asin': 'B01F8LCALM',
 'free_delivery': True,
 'is_amazonchoice': False,
 'keyword': ' pc',
 'price': 7999.0,
 'prime': True,
 'rewiev_count': 1058,
 'scrapper': 'amazon_search_result',
 'sponsored': False,
 'sponsored_page': False,
 'sponsored_position': False,
 'stars': 4.6,
 'title': 'HP 21.5-inch (54.6 cm) Edge to Edge LED Backlit Computer Monitor - '
          'Full HD, IPS Panel with VGA, HDMI Ports - T3M71AA (Silver/Black)',
 'url': 'https://www.amazon.in/HP-21-5-inch-54-6-Monitor/dp/B01F8LCALM/ref=sr_1_20?keywords=pc&qid=1571988188&sr=8-20'}
2019-10-25 10:23:10 [scrapy.core.scraper] ERROR: Error processing {'asin': 'B07XP981T8',
 'free_delivery': True,
 'is_amazonchoice': False,
 'keyword': 'laptop',
 'price': 57990.0,
 'prime': True,
 'rewiev_count': 26,
 'scrapper': 'amazon_search_result',
 'sponsored': True,
 'sponsored_page': 1,
 'sponsored_position': '1',
 'stars': 3.9,
 'title': 'Lenovo Legion Y7000 9th gen Intel Core i5 15.6 inch FHD Gaming '
          'Laptop (8GB/1TB HDD+256 GB SSD/Windows 10/NVIDIA GTX 1050 3GB '
          'Graphics/Black/2.3Kg), 81V4000LIN',
 'url': 'https://www.amazon.in/gp/slredirect/picassoRedirect.html/ref=pa_sp_atf_aps_sr_pg1_2?ie=UTF8&adId=A0050157QZJN2E58MPAP&url=%2FLenovo-Legion-Windows-Graphics-81V4000LIN%2Fdp%2FB07XP981T8%2Fref%3Dsr_1_2_sspa%3Fkeywords%3Dlaptop%26qid%3D1571988188%26smid%3DA14CZOWI0VEHLG%26sr%3D8-2-spons%26psc%3D1&qualifier=1571988188&id=787899460352661&widgetName=sp_atf'}
Traceback (most recent call last):
  File "/home/artem/PycharmProjects/amazon_launch_api/venv/lib/python3.6/site-packages/twisted/internet/defer.py", line 654, in _runCallbacks
    current.result = callback(current.result, *args, **kw)
  File "/home/artem/PycharmProjects/amazon_launch_api/amazon_search_result_scrapper/amazon_2/amazon_2/pipelines.py", line 243, in process_item
    self.store_db(item)
  File "/home/artem/PycharmProjects/amazon_launch_api/amazon_search_result_scrapper/amazon_2/amazon_2/pipelines.py", line 294, in store_db
    keywords = json.loads(row[16])
  File "/usr/lib/python3.6/json/__init__.py", line 354, in loads
    return _default_decoder.decode(s)
  File "/usr/lib/python3.6/json/decoder.py", line 339, in decode
    obj, end = self.raw_decode(s, idx=_w(s, 0).end())
  File "/usr/lib/python3.6/json/decoder.py", line 357, in raw_decode
    raise JSONDecodeError("Expecting value", s, err.value) from None
json.decoder.JSONDecodeError: Expecting value: line 1 column 1 (char 0)
2019-10-25 10:23:10 [scrapy.core.scraper] ERROR: Error processing {'asin': 'B073Q5R6VR',
 'free_delivery': True,
 'is_amazonchoice': False,
 'keyword': 'laptop',
 'price': 57990.0,
 'prime': True,
 'rewiev_count': 1755,
 'scrapper': 'amazon_search_result',
 'sponsored': False,
 'sponsored_page': False,
 'sponsored_position': False,
 'stars': 4.3,
 'title': 'Apple MacBook Air (13-inch, 1.8GHz Dual-core Intel Core i5, 8GB '
          'RAM, 128GB SSD) - Silver (Previous Model)',
 'url': 'https://www.amazon.in/Apple-MacBook-Air-13-3-inch-MQD32HN/dp/B073Q5R6VR/ref=sr_1_3?keywords=laptop&qid=1571988188&sr=8-3'}
Traceback (most recent call last):
  File "/home/artem/PycharmProjects/amazon_launch_api/venv/lib/python3.6/site-packages/twisted/internet/defer.py", line 654, in _runCallbacks
    current.result = callback(current.result, *args, **kw)
  File "/home/artem/PycharmProjects/amazon_launch_api/amazon_search_result_scrapper/amazon_2/amazon_2/pipelines.py", line 243, in process_item
    self.store_db(item)
  File "/home/artem/PycharmProjects/amazon_launch_api/amazon_search_result_scrapper/amazon_2/amazon_2/pipelines.py", line 294, in store_db
    keywords = json.loads(row[16])
  File "/usr/lib/python3.6/json/__init__.py", line 354, in loads
    return _default_decoder.decode(s)
  File "/usr/lib/python3.6/json/decoder.py", line 339, in decode
    obj, end = self.raw_decode(s, idx=_w(s, 0).end())
  File "/usr/lib/python3.6/json/decoder.py", line 357, in raw_decode
    raise JSONDecodeError("Expecting value", s, err.value) from None
json.decoder.JSONDecodeError: Expecting value: line 1 column 1 (char 0)
2019-10-25 10:23:10 [scrapy.core.scraper] DEBUG: Scraped from <200 https://www.amazon.in/s?k=laptop>
{'asin': 'B07TRHTNZ8',
 'free_delivery': True,
 'is_amazonchoice': False,
 'keyword': 'laptop',
 'price': 15850.0,
 'prime': True,
 'rewiev_count': 75,
 'scrapper': 'amazon_search_result',
 'sponsored': False,
 'sponsored_page': False,
 'sponsored_position': False,
 'stars': 2.6,
 'title': 'Lenovo V145-AMD-A6 15.6 inch HD Thin and Light Laptop (4GB RAM/ 1TB '
          'HDD/ DOS/ with DVD Writer/ Black/ 2.1 kg), 81MT0034IH',
 'url': 'https://www.amazon.in/Lenovo-V145-AMD-A6-Laptop-Writer-81MT0034IH/dp/B07TRHTNZ8/ref=sr_1_4?keywords=laptop&qid=1571988188&sr=8-4'}
2019-10-25 10:23:10 [scrapy.core.scraper] ERROR: Error processing {'asin': 'B07XP3XK7H',
 'free_delivery': True,
 'is_amazonchoice': False,
 'keyword': 'laptop',
 'price': 28999.0,
 'prime': True,
 'rewiev_count': 5,
 'scrapper': 'amazon_search_result',
 'sponsored': False,
 'sponsored_page': False,
 'sponsored_position': False,
 'stars': 4.0,
 'title': 'Lenovo Ideapad S145 7th Gen Core i3 15.6-inch FHD Thin and Light '
          'Laptop (4GB/1TB/Windows 10/MS Office 2019/Textured Black/1.85Kg), '
          '81VD002PIN',
 'url': 'https://www.amazon.in/Lenovo-Ideapad-15-6-inch-Textured-81VD002PIN/dp/B07XP3XK7H/ref=sr_1_5?keywords=laptop&qid=1571988188&smid=A1S1RV7QA28FUJ&sr=8-5'}
Traceback (most recent call last):
  File "/home/artem/PycharmProjects/amazon_launch_api/venv/lib/python3.6/site-packages/twisted/internet/defer.py", line 654, in _runCallbacks
    current.result = callback(current.result, *args, **kw)
  File "/home/artem/PycharmProjects/amazon_launch_api/amazon_search_result_scrapper/amazon_2/amazon_2/pipelines.py", line 243, in process_item
    self.store_db(item)
  File "/home/artem/PycharmProjects/amazon_launch_api/amazon_search_result_scrapper/amazon_2/amazon_2/pipelines.py", line 294, in store_db
    keywords = json.loads(row[16])
  File "/usr/lib/python3.6/json/__init__.py", line 354, in loads
    return _default_decoder.decode(s)
  File "/usr/lib/python3.6/json/decoder.py", line 339, in decode
    obj, end = self.raw_decode(s, idx=_w(s, 0).end())
  File "/usr/lib/python3.6/json/decoder.py", line 357, in raw_decode
    raise JSONDecodeError("Expecting value", s, err.value) from None
json.decoder.JSONDecodeError: Expecting value: line 1 column 1 (char 0)
2019-10-25 10:23:10 [scrapy.core.scraper] DEBUG: Scraped from <200 https://www.amazon.in/s?k=laptop>
{'asin': 'B07WT1SQPW',
 'free_delivery': True,
 'is_amazonchoice': False,
 'keyword': 'laptop',
 'price': 18250.0,
 'prime': True,
 'rewiev_count': 45,
 'scrapper': 'amazon_search_result',
 'sponsored': False,
 'sponsored_page': False,
 'sponsored_position': False,
 'stars': 3.0,
 'title': 'Lenovo Ideapad 130 A6-9225 15.6 inch HD Laptop  (4GB/1TB/Windows '
          '10/Black/2.1Kg/with ODD), 81H5003VIN',
 'url': 'https://www.amazon.in/Lenovo-Ideapad-A6-9225-Windows-81H5003VIN/dp/B07WT1SQPW/ref=sr_1_6?keywords=laptop&qid=1571988188&sr=8-6'}
2019-10-25 10:23:10 [scrapy.core.scraper] DEBUG: Scraped from <200 https://www.amazon.in/s?k=laptop>
{'asin': 'B07GQNFV85',
 'free_delivery': True,
 'is_amazonchoice': False,
 'keyword': 'laptop',
 'price': 29800.0,
 'prime': True,
 'rewiev_count': 515,
 'scrapper': 'amazon_search_result',
 'sponsored': False,
 'sponsored_page': False,
 'sponsored_position': False,
 'stars': 3.0,
 'title': 'Dell Inspiron 3567 Intel Core i3 7th Gen 15.6-inch FHD Laptop '
          '(4GB/1TB HDD/Windows 10 Home/MS Office/Black/2.5kg)',
 'url': 'https://www.amazon.in/Dell-Inspiron-3567-15-6-inch-Windows/dp/B07GQNFV85/ref=sr_1_7?keywords=laptop&qid=1571988188&sr=8-7'}
2019-10-25 10:23:10 [scrapy.core.scraper] ERROR: Error processing {'asin': 'B07W4W17RH',
 'free_delivery': True,
 'is_amazonchoice': False,
 'keyword': 'laptop',
 'price': 29800.0,
 'prime': True,
 'rewiev_count': 5,
 'scrapper': 'amazon_search_result',
 'sponsored': False,
 'sponsored_page': False,
 'sponsored_position': False,
 'stars': 3.1,
 'title': 'ASUS VivoBook X411QA AMD Quad Core A12-9720P 14-inch FHD Thin and '
          'Light Laptop (8GB RAM/512GB NVMe SSD/Windows 10/Integrated '
          'Graphics/Gold/1.43 kg), X411QA-EK202T',
 'url': 'https://www.amazon.in/VivoBook-A12-9720P-Integrated-Graphics-X411QA-EK202T/dp/B07W4W17RH/ref=sr_1_8?keywords=laptop&qid=1571988188&sr=8-8'}
Traceback (most recent call last):
  File "/home/artem/PycharmProjects/amazon_launch_api/venv/lib/python3.6/site-packages/twisted/internet/defer.py", line 654, in _runCallbacks
    current.result = callback(current.result, *args, **kw)
  File "/home/artem/PycharmProjects/amazon_launch_api/amazon_search_result_scrapper/amazon_2/amazon_2/pipelines.py", line 243, in process_item
    self.store_db(item)
  File "/home/artem/PycharmProjects/amazon_launch_api/amazon_search_result_scrapper/amazon_2/amazon_2/pipelines.py", line 294, in store_db
    keywords = json.loads(row[16])
  File "/usr/lib/python3.6/json/__init__.py", line 354, in loads
    return _default_decoder.decode(s)
  File "/usr/lib/python3.6/json/decoder.py", line 339, in decode
    obj, end = self.raw_decode(s, idx=_w(s, 0).end())
  File "/usr/lib/python3.6/json/decoder.py", line 357, in raw_decode
    raise JSONDecodeError("Expecting value", s, err.value) from None
json.decoder.JSONDecodeError: Expecting value: line 1 column 1 (char 0)
2019-10-25 10:23:10 [scrapy.core.scraper] DEBUG: Scraped from <200 https://www.amazon.in/s?k=laptop>
{'asin': 'B07THRK915',
 'free_delivery': True,
 'is_amazonchoice': False,
 'keyword': 'laptop',
 'price': 28990.0,
 'prime': True,
 'rewiev_count': 191,
 'scrapper': 'amazon_search_result',
 'sponsored': False,
 'sponsored_page': False,
 'sponsored_position': False,
 'stars': 4.2,
 'title': 'HP 14 Pentium Gold 14-inch Thin and Light Laptop (4GB/256GB '
          'SSD/Windows 10 Home/Jet Black/1.47 kg), 14q-cs0018TU',
 'url': 'https://www.amazon.in/HP-Pentium-14-inch-Windows-14q-cs0018TU/dp/B07THRK915/ref=sr_1_9?keywords=laptop&qid=1571988188&sr=8-9'}
2019-10-25 10:23:10 [scrapy.core.scraper] DEBUG: Scraped from <200 https://www.amazon.in/s?k=laptop>
{'asin': 'B07X62JFMK',
 'free_delivery': True,
 'is_amazonchoice': False,
 'keyword': 'laptop',
 'price': 18499.0,
 'prime': True,
 'rewiev_count': 18,
 'scrapper': 'amazon_search_result',
 'sponsored': False,
 'sponsored_page': False,
 'sponsored_position': False,
 'stars': 3.3,
 'title': 'Acer Aspire 3 Slim A315-22 (A4-9120 , 4GB , 1TB , INT , 15.6"HD , '
          'Windows 10, Black) 1.9 Kg Thin and Light',
 'url': 'https://www.amazon.in/Acer-Aspire-A315-22-A4-9120-Windows/dp/B07X62JFMK/ref=sr_1_10?keywords=laptop&qid=1571988188&sr=8-10'}
2019-10-25 10:23:10 [scrapy.core.scraper] ERROR: Error processing {'asin': 'B07T77FRB6',
 'free_delivery': True,
 'is_amazonchoice': False,
 'keyword': 'laptop',
 'price': 20990.0,
 'prime': True,
 'rewiev_count': 25,
 'scrapper': 'amazon_search_result',
 'sponsored': True,
 'sponsored_page': 1,
 'sponsored_position': '11',
 'stars': 3.2,
 'title': 'Lenovo Ideapad S145 Pentium Gold 5405U 15.6 inch HD Thin and Light '
          'Laptop ( 4GB RAM / 1 TB HDD / Windows 10 Home / Black / 1.85 Kg), '
          '81MV00LYIN',
 'url': 'https://www.amazon.in/gp/slredirect/picassoRedirect.html/ref=pa_sp_mtf_aps_sr_pg1_1?ie=UTF8&adId=A0049321LHO8PEJ9J9MJ&url=%2FLenovo-Ideapad-Pentium-Windows-81MV00LYIN%2Fdp%2FB07T77FRB6%2Fref%3Dsr_1_11_sspa%3Fkeywords%3Dlaptop%26qid%3D1571988188%26smid%3DA14CZOWI0VEHLG%26sr%3D8-11-spons%26psc%3D1&qualifier=1571988188&id=787899460352661&widgetName=sp_mtf'}
Traceback (most recent call last):
  File "/home/artem/PycharmProjects/amazon_launch_api/venv/lib/python3.6/site-packages/twisted/internet/defer.py", line 654, in _runCallbacks
    current.result = callback(current.result, *args, **kw)
  File "/home/artem/PycharmProjects/amazon_launch_api/amazon_search_result_scrapper/amazon_2/amazon_2/pipelines.py", line 243, in process_item
    self.store_db(item)
  File "/home/artem/PycharmProjects/amazon_launch_api/amazon_search_result_scrapper/amazon_2/amazon_2/pipelines.py", line 294, in store_db
    keywords = json.loads(row[16])
  File "/usr/lib/python3.6/json/__init__.py", line 354, in loads
    return _default_decoder.decode(s)
  File "/usr/lib/python3.6/json/decoder.py", line 339, in decode
    obj, end = self.raw_decode(s, idx=_w(s, 0).end())
  File "/usr/lib/python3.6/json/decoder.py", line 357, in raw_decode
    raise JSONDecodeError("Expecting value", s, err.value) from None
json.decoder.JSONDecodeError: Expecting value: line 1 column 1 (char 0)
2019-10-25 10:23:10 [scrapy.core.scraper] ERROR: Error processing {'asin': 'B07XM7W67X',
 'free_delivery': True,
 'is_amazonchoice': False,
 'keyword': 'laptop',
 'price': 26990.0,
 'prime': True,
 'rewiev_count': 18,
 'scrapper': 'amazon_search_result',
 'sponsored': True,
 'sponsored_page': 1,
 'sponsored_position': '12',
 'stars': 3.9,
 'title': 'Lenovo Ideapad 330 7th gen Intel Core i3 15.6-inch FHD Laptop '
          '(4GB/1TB HDD/Windows 10/MS Office 2019/Platinum Grey/2.2Kg/with '
          'DVD-RW), 81DC01A1IN',
 'url': 'https://www.amazon.in/gp/slredirect/picassoRedirect.html/ref=pa_sp_mtf_aps_sr_pg1_2?ie=UTF8&adId=A00515054ZOUILQJPWR5&url=%2FLenovo-Ideapad-15-6-inch-Platinum-81DC01A1IN%2Fdp%2FB07XM7W67X%2Fref%3Dsr_1_12_sspa%3Fkeywords%3Dlaptop%26qid%3D1571988188%26smid%3DA14CZOWI0VEHLG%26sr%3D8-12-spons%26psc%3D1&qualifier=1571988188&id=787899460352661&widgetName=sp_mtf'}
Traceback (most recent call last):
  File "/home/artem/PycharmProjects/amazon_launch_api/venv/lib/python3.6/site-packages/twisted/internet/defer.py", line 654, in _runCallbacks
    current.result = callback(current.result, *args, **kw)
  File "/home/artem/PycharmProjects/amazon_launch_api/amazon_search_result_scrapper/amazon_2/amazon_2/pipelines.py", line 243, in process_item
    self.store_db(item)
  File "/home/artem/PycharmProjects/amazon_launch_api/amazon_search_result_scrapper/amazon_2/amazon_2/pipelines.py", line 294, in store_db
    keywords = json.loads(row[16])
  File "/usr/lib/python3.6/json/__init__.py", line 354, in loads
    return _default_decoder.decode(s)
  File "/usr/lib/python3.6/json/decoder.py", line 339, in decode
    obj, end = self.raw_decode(s, idx=_w(s, 0).end())
  File "/usr/lib/python3.6/json/decoder.py", line 357, in raw_decode
    raise JSONDecodeError("Expecting value", s, err.value) from None
json.decoder.JSONDecodeError: Expecting value: line 1 column 1 (char 0)
2019-10-25 10:23:10 [scrapy.core.scraper] DEBUG: Scraped from <200 https://www.amazon.in/s?k=laptop>
{'asin': 'B07RZLBZSZ',
 'free_delivery': True,
 'is_amazonchoice': False,
 'keyword': 'laptop',
 'price': 23490.0,
 'prime': True,
 'rewiev_count': 333,
 'scrapper': 'amazon_search_result',
 'sponsored': False,
 'sponsored_page': False,
 'sponsored_position': False,
 'stars': 3.1,
 'title': 'Lenovo Ideapad S145 AMD A6-9225 15.6-inch HD Thin and Light Laptop '
          '( 4GB RAM / 1TB HDD / Windows 10 Home / Office Home and Student '
          '2019 / Grey / 1.85kg ), 81N3004DIN',
 'url': 'https://www.amazon.in/Lenovo-Ideapad-A6-9225-15-6-inch-81N3004DIN/dp/B07RZLBZSZ/ref=sr_1_13?keywords=laptop&qid=1571988188&sr=8-13'}
2019-10-25 10:23:11 [scrapy.core.scraper] DEBUG: Scraped from <200 https://www.amazon.in/s?k=laptop>
{'asin': 'B07MSK34LL',
 'free_delivery': True,
 'is_amazonchoice': False,
 'keyword': 'laptop',
 'price': 44990.0,
 'prime': True,
 'rewiev_count': 581,
 'scrapper': 'amazon_search_result',
 'sponsored': False,
 'sponsored_page': False,
 'sponsored_position': False,
 'stars': 4.1,
 'title': 'ASUS TUF FX505DY-BQ002T 15.6-inch FHD Gaming Laptop (AMD Ryzen '
          '5-3550H/8GB/1TB HDD/Windows 10/Radeon RX 560X 4GB Graphics/2.20 '
          'Kg), Black',
 'url': 'https://www.amazon.in/FX505DY-BQ002T-15-6-inch-5-3550H-Windows-Graphics/dp/B07MSK34LL/ref=sr_1_14?keywords=laptop&qid=1571988188&smid=A14CZOWI0VEHLG&sr=8-14'}
2019-10-25 10:23:11 [scrapy.core.scraper] ERROR: Error processing {'asin': 'B07S4WJGWT',
 'free_delivery': True,
 'is_amazonchoice': False,
 'keyword': 'laptop',
 'price': 37990.0,
 'prime': True,
 'rewiev_count': 17,
 'scrapper': 'amazon_search_result',
 'sponsored': False,
 'sponsored_page': False,
 'sponsored_position': False,
 'stars': 3.0,
 'title': 'Lenovo Ideapad L340 Intel Core I5 8th Gen 15.6-inch FHD Laptop ( '
          '8GB RAM / 1TB HDD / DOS / Granite Black / 2.2 Kg / DVD-RW), '
          '81LG0094IN',
 'url': 'https://www.amazon.in/Lenovo-Ideapad-15-6-inch-Granite-81LG0094IN/dp/B07S4WJGWT/ref=sr_1_15?keywords=laptop&qid=1571988188&smid=A3OGWBW8K6N9UP&sr=8-15'}
Traceback (most recent call last):
  File "/home/artem/PycharmProjects/amazon_launch_api/venv/lib/python3.6/site-packages/twisted/internet/defer.py", line 654, in _runCallbacks
    current.result = callback(current.result, *args, **kw)
  File "/home/artem/PycharmProjects/amazon_launch_api/amazon_search_result_scrapper/amazon_2/amazon_2/pipelines.py", line 243, in process_item
    self.store_db(item)
  File "/home/artem/PycharmProjects/amazon_launch_api/amazon_search_result_scrapper/amazon_2/amazon_2/pipelines.py", line 294, in store_db
    keywords = json.loads(row[16])
  File "/usr/lib/python3.6/json/__init__.py", line 354, in loads
    return _default_decoder.decode(s)
  File "/usr/lib/python3.6/json/decoder.py", line 339, in decode
    obj, end = self.raw_decode(s, idx=_w(s, 0).end())
  File "/usr/lib/python3.6/json/decoder.py", line 357, in raw_decode
    raise JSONDecodeError("Expecting value", s, err.value) from None
json.decoder.JSONDecodeError: Expecting value: line 1 column 1 (char 0)
2019-10-25 10:23:11 [scrapy.core.scraper] ERROR: Error processing {'asin': 'B07TD5FGJQ',
 'free_delivery': True,
 'is_amazonchoice': False,
 'keyword': 'laptop',
 'price': 52499.0,
 'prime': True,
 'rewiev_count': 29,
 'scrapper': 'amazon_search_result',
 'sponsored': False,
 'sponsored_page': False,
 'sponsored_position': False,
 'stars': 4.1,
 'title': 'Lenovo Ideapad S340 8th Gen Intel core I5 14 inch FHD Thin and '
          'Light Laptop (8GB RAM/512GB SSD/Win 10 Home/Microsoft Office 2019 / '
          'Platinum Grey / 1.55Kg), 81N700LXIN',
 'url': 'https://www.amazon.in/Lenovo-Ideapad-Microsoft-Platinum-81N700LXIN/dp/B07TD5FGJQ/ref=sr_1_16?keywords=laptop&qid=1571988188&smid=A1S1RV7QA28FUJ&sr=8-16'}
Traceback (most recent call last):
  File "/home/artem/PycharmProjects/amazon_launch_api/venv/lib/python3.6/site-packages/twisted/internet/defer.py", line 654, in _runCallbacks
    current.result = callback(current.result, *args, **kw)
  File "/home/artem/PycharmProjects/amazon_launch_api/amazon_search_result_scrapper/amazon_2/amazon_2/pipelines.py", line 243, in process_item
    self.store_db(item)
  File "/home/artem/PycharmProjects/amazon_launch_api/amazon_search_result_scrapper/amazon_2/amazon_2/pipelines.py", line 294, in store_db
    keywords = json.loads(row[16])
  File "/usr/lib/python3.6/json/__init__.py", line 354, in loads
    return _default_decoder.decode(s)
  File "/usr/lib/python3.6/json/decoder.py", line 339, in decode
    obj, end = self.raw_decode(s, idx=_w(s, 0).end())
  File "/usr/lib/python3.6/json/decoder.py", line 357, in raw_decode
    raise JSONDecodeError("Expecting value", s, err.value) from None
json.decoder.JSONDecodeError: Expecting value: line 1 column 1 (char 0)
2019-10-25 10:23:11 [scrapy.core.scraper] ERROR: Error processing {'asin': 'B07LGCXB1T',
 'free_delivery': True,
 'is_amazonchoice': False,
 'keyword': 'laptop',
 'price': 39990.0,
 'prime': True,
 'rewiev_count': 310,
 'scrapper': 'amazon_search_result',
 'sponsored': False,
 'sponsored_page': False,
 'sponsored_position': False,
 'stars': 3.7,
 'title': 'HP 15 Intel Core i5 (8GB DDR4/1TB HDD/Win 10/MS Office/Integrated '
          'Graphics/2.04 kg), Full HD Laptop (15.6-inch, Sparkling Black) '
          '15q-ds0029TU',
 'url': 'https://www.amazon.in/HP-Integrated-15-6-inch-Sparkling-15q-ds0029TU/dp/B07LGCXB1T/ref=sr_1_17?keywords=laptop&qid=1571988188&sr=8-17'}
Traceback (most recent call last):
  File "/home/artem/PycharmProjects/amazon_launch_api/venv/lib/python3.6/site-packages/twisted/internet/defer.py", line 654, in _runCallbacks
    current.result = callback(current.result, *args, **kw)
  File "/home/artem/PycharmProjects/amazon_launch_api/amazon_search_result_scrapper/amazon_2/amazon_2/pipelines.py", line 243, in process_item
    self.store_db(item)
  File "/home/artem/PycharmProjects/amazon_launch_api/amazon_search_result_scrapper/amazon_2/amazon_2/pipelines.py", line 294, in store_db
    keywords = json.loads(row[16])
  File "/usr/lib/python3.6/json/__init__.py", line 354, in loads
    return _default_decoder.decode(s)
  File "/usr/lib/python3.6/json/decoder.py", line 339, in decode
    obj, end = self.raw_decode(s, idx=_w(s, 0).end())
  File "/usr/lib/python3.6/json/decoder.py", line 357, in raw_decode
    raise JSONDecodeError("Expecting value", s, err.value) from None
json.decoder.JSONDecodeError: Expecting value: line 1 column 1 (char 0)
2019-10-25 10:23:11 [scrapy.core.scraper] DEBUG: Scraped from <200 https://www.amazon.in/s?k=laptop>
{'asin': 'B07VQNWHTV',
 'free_delivery': False,
 'is_amazonchoice': False,
 'keyword': 'laptop',
 'price': 28520.0,
 'prime': False,
 'rewiev_count': 124,
 'scrapper': 'amazon_search_result',
 'sponsored': False,
 'sponsored_page': False,
 'sponsored_position': False,
 'stars': 3.0,
 'title': 'Dell Vostro 3568 Intel Core i3 7th Gen 15.6-inch HD Laptop (4GB/1TB '
          'HDD/Windows 10 Home/MS Office/Black/2.5kg)',
 'url': 'https://www.amazon.in/Dell-Vostro-3568-15-6-inch-Windows/dp/B07VQNWHTV/ref=sr_1_18?keywords=laptop&qid=1571988188&sr=8-18'}
2019-10-25 10:23:11 [scrapy.core.scraper] ERROR: Error processing {'asin': 'B07LGHH19D',
 'free_delivery': True,
 'is_amazonchoice': False,
 'keyword': 'laptop',
 'price': 44990.0,
 'prime': True,
 'rewiev_count': 56,
 'scrapper': 'amazon_search_result',
 'sponsored': False,
 'sponsored_page': False,
 'sponsored_position': False,
 'stars': 3.5,
 'title': 'HP 15 Core-i5 8th Gen  Laptop (8GB/256GB SSD/Windows 10/MS '
          'Office/Integrated Graphics) 15q-ds1000TU Laptop, (15.6-inch Full '
          'HD, Sparkling Black)',
 'url': 'https://www.amazon.in/HP-Integrated-15q-ds1000TU-15-6-inch-Sparkling/dp/B07LGHH19D/ref=sr_1_19?keywords=laptop&qid=1571988188&sr=8-19'}
Traceback (most recent call last):
  File "/home/artem/PycharmProjects/amazon_launch_api/venv/lib/python3.6/site-packages/twisted/internet/defer.py", line 654, in _runCallbacks
    current.result = callback(current.result, *args, **kw)
  File "/home/artem/PycharmProjects/amazon_launch_api/amazon_search_result_scrapper/amazon_2/amazon_2/pipelines.py", line 243, in process_item
    self.store_db(item)
  File "/home/artem/PycharmProjects/amazon_launch_api/amazon_search_result_scrapper/amazon_2/amazon_2/pipelines.py", line 294, in store_db
    keywords = json.loads(row[16])
  File "/usr/lib/python3.6/json/__init__.py", line 354, in loads
    return _default_decoder.decode(s)
  File "/usr/lib/python3.6/json/decoder.py", line 339, in decode
    obj, end = self.raw_decode(s, idx=_w(s, 0).end())
  File "/usr/lib/python3.6/json/decoder.py", line 357, in raw_decode
    raise JSONDecodeError("Expecting value", s, err.value) from None
json.decoder.JSONDecodeError: Expecting value: line 1 column 1 (char 0)
2019-10-25 10:23:11 [scrapy.core.scraper] ERROR: Error processing {'asin': 'B07FV57FC1',
 'free_delivery': True,
 'is_amazonchoice': False,
 'keyword': 'laptop',
 'price': 29490.0,
 'prime': True,
 'rewiev_count': 671,
 'scrapper': 'amazon_search_result',
 'sponsored': False,
 'sponsored_page': False,
 'sponsored_position': False,
 'stars': 3.2,
 'title': 'HP 15 Core i3 7th gen 15.6-inch Laptop (4GB/1TB HDD/Windows 10 '
          'Home/Natural Silver/2.04 kg), 15-DA0326TU',
 'url': 'https://www.amazon.in/HP-15-6-inch-Windows-Natural-15-DA0326TU/dp/B07FV57FC1/ref=sr_1_20?keywords=laptop&qid=1571988188&sr=8-20'}
Traceback (most recent call last):
  File "/home/artem/PycharmProjects/amazon_launch_api/venv/lib/python3.6/site-packages/twisted/internet/defer.py", line 654, in _runCallbacks
    current.result = callback(current.result, *args, **kw)
  File "/home/artem/PycharmProjects/amazon_launch_api/amazon_search_result_scrapper/amazon_2/amazon_2/pipelines.py", line 243, in process_item
    self.store_db(item)
  File "/home/artem/PycharmProjects/amazon_launch_api/amazon_search_result_scrapper/amazon_2/amazon_2/pipelines.py", line 294, in store_db
    keywords = json.loads(row[16])
  File "/usr/lib/python3.6/json/__init__.py", line 354, in loads
    return _default_decoder.decode(s)
  File "/usr/lib/python3.6/json/decoder.py", line 339, in decode
    obj, end = self.raw_decode(s, idx=_w(s, 0).end())
  File "/usr/lib/python3.6/json/decoder.py", line 357, in raw_decode
    raise JSONDecodeError("Expecting value", s, err.value) from None
json.decoder.JSONDecodeError: Expecting value: line 1 column 1 (char 0)
2019-10-25 10:23:11 [scrapy.core.scraper] DEBUG: Scraped from <200 https://www.amazon.in/s?k=laptop>
{'asin': 'B07X7JH41Q',
 'free_delivery': False,
 'is_amazonchoice': False,
 'keyword': 'laptop',
 'price': 29990.0,
 'prime': True,
 'rewiev_count': 211,
 'scrapper': 'amazon_search_result',
 'sponsored': False,
 'sponsored_page': False,
 'sponsored_position': False,
 'stars': 3.7,
 'title': 'HP 14 Core i3 7th gen 14-inch Thin and Light Laptop (8GB/256GB '
          'SSD/Windows 10 Home/MS Office/Jet Black/1.43 kg), 14q-cs0023TU',
 'url': 'https://www.amazon.in/HP-14-inch-Laptop-Windows-14q-cs0023TU/dp/B07X7JH41Q/ref=sxbs_sxwds-deals?keywords=laptop&pd_rd_i=B07X7JH41Q&pd_rd_r=556d9322-e64d-4e09-94f7-0f8db7008cb1&pd_rd_w=GvP7o&pd_rd_wg=Kfsb4&pf_rd_p=dce2708d-b03a-46b1-b9be-4c3b39e58433&pf_rd_r=TQ7KWN48F0EM8DGG4HEW&qid=1571988188&smid=A14CZOWI0VEHLG'}
2019-10-25 10:23:11 [scrapy.core.scraper] ERROR: Error processing {'asin': 'B07TYQ5GVX',
 'free_delivery': False,
 'is_amazonchoice': False,
 'keyword': 'laptop',
 'price': 29147.0,
 'prime': True,
 'rewiev_count': 36,
 'scrapper': 'amazon_search_result',
 'sponsored': False,
 'sponsored_page': False,
 'sponsored_position': False,
 'stars': 3.8,
 'title': 'ASUS Vivobook X507UA-EJ838T 15.6-inch Laptop (7th Gen Intel Core '
          'i3-7020U Processor 2.3 GHz (3M Cache)/8GB/1TB HDD/Windows 10/Intel '
          'HD Graphics 520 Graphics), Stary Grey',
 'url': 'https://www.amazon.in/Vivobook-X507UA-EJ838T-15-6-inch-i3-7020U-Processor/dp/B07TYQ5GVX/ref=sxbs_sxwds-deals?keywords=laptop&pd_rd_i=B07TYQ5GVX&pd_rd_r=556d9322-e64d-4e09-94f7-0f8db7008cb1&pd_rd_w=GvP7o&pd_rd_wg=Kfsb4&pf_rd_p=dce2708d-b03a-46b1-b9be-4c3b39e58433&pf_rd_r=TQ7KWN48F0EM8DGG4HEW&qid=1571988188&smid=AH3MJQM6GGOSV'}
Traceback (most recent call last):
  File "/home/artem/PycharmProjects/amazon_launch_api/venv/lib/python3.6/site-packages/twisted/internet/defer.py", line 654, in _runCallbacks
    current.result = callback(current.result, *args, **kw)
  File "/home/artem/PycharmProjects/amazon_launch_api/amazon_search_result_scrapper/amazon_2/amazon_2/pipelines.py", line 243, in process_item
    self.store_db(item)
  File "/home/artem/PycharmProjects/amazon_launch_api/amazon_search_result_scrapper/amazon_2/amazon_2/pipelines.py", line 294, in store_db
    keywords = json.loads(row[16])
  File "/usr/lib/python3.6/json/__init__.py", line 354, in loads
    return _default_decoder.decode(s)
  File "/usr/lib/python3.6/json/decoder.py", line 339, in decode
    obj, end = self.raw_decode(s, idx=_w(s, 0).end())
  File "/usr/lib/python3.6/json/decoder.py", line 357, in raw_decode
    raise JSONDecodeError("Expecting value", s, err.value) from None
json.decoder.JSONDecodeError: Expecting value: line 1 column 1 (char 0)
2019-10-25 10:23:11 [scrapy.core.scraper] ERROR: Error processing {'asin': 'B07W7CFVH6',
 'free_delivery': False,
 'is_amazonchoice': False,
 'keyword': 'laptop',
 'price': 23613.0,
 'prime': True,
 'rewiev_count': 9,
 'scrapper': 'amazon_search_result',
 'sponsored': False,
 'sponsored_page': False,
 'sponsored_position': False,
 'stars': 3.5,
 'title': 'Dell Inspiron 15 3583 Intel Pentium Gold 7th Gen 15.6-inch Laptop '
          '(4GB/1TB HDD/Windows 10 Home/Black/1.9kg)',
 'url': 'https://www.amazon.in/Dell-Inspiron-15-3583-15-6-inch/dp/B07W7CFVH6/ref=sxbs_sxwds-deals?keywords=laptop&pd_rd_i=B07W7CFVH6&pd_rd_r=556d9322-e64d-4e09-94f7-0f8db7008cb1&pd_rd_w=GvP7o&pd_rd_wg=Kfsb4&pf_rd_p=dce2708d-b03a-46b1-b9be-4c3b39e58433&pf_rd_r=TQ7KWN48F0EM8DGG4HEW&qid=1571988188&smid=A16KMS56OALOI3'}
Traceback (most recent call last):
  File "/home/artem/PycharmProjects/amazon_launch_api/venv/lib/python3.6/site-packages/twisted/internet/defer.py", line 654, in _runCallbacks
    current.result = callback(current.result, *args, **kw)
  File "/home/artem/PycharmProjects/amazon_launch_api/amazon_search_result_scrapper/amazon_2/amazon_2/pipelines.py", line 243, in process_item
    self.store_db(item)
  File "/home/artem/PycharmProjects/amazon_launch_api/amazon_search_result_scrapper/amazon_2/amazon_2/pipelines.py", line 294, in store_db
    keywords = json.loads(row[16])
  File "/usr/lib/python3.6/json/__init__.py", line 354, in loads
    return _default_decoder.decode(s)
  File "/usr/lib/python3.6/json/decoder.py", line 339, in decode
    obj, end = self.raw_decode(s, idx=_w(s, 0).end())
  File "/usr/lib/python3.6/json/decoder.py", line 357, in raw_decode
    raise JSONDecodeError("Expecting value", s, err.value) from None
json.decoder.JSONDecodeError: Expecting value: line 1 column 1 (char 0)
2019-10-25 10:23:11 [scrapy.core.scraper] DEBUG: Scraped from <200 https://www.amazon.in/s?k=laptop>
{'asin': 'B07HBK27N2',
 'free_delivery': False,
 'is_amazonchoice': False,
 'keyword': 'laptop',
 'price': 25990.0,
 'prime': True,
 'rewiev_count': 363,
 'scrapper': 'amazon_search_result',
 'sponsored': False,
 'sponsored_page': False,
 'sponsored_position': False,
 'stars': 3.3,
 'title': 'ASUS VivoBooK Intel Core i3 7th Gen 14-inch Thin and Light Laptop '
          '(4GB/1TB HDD/Windows 10/Stary Gray/1.55 Kg), X407UA-BV345T',
 'url': 'https://www.amazon.in/VivoBooK-14-inch-Laptop-Windows-X407UA-BV345T/dp/B07HBK27N2/ref=sxbs_sxwds-deals?keywords=laptop&pd_rd_i=B07HBK27N2&pd_rd_r=556d9322-e64d-4e09-94f7-0f8db7008cb1&pd_rd_w=GvP7o&pd_rd_wg=Kfsb4&pf_rd_p=dce2708d-b03a-46b1-b9be-4c3b39e58433&pf_rd_r=TQ7KWN48F0EM8DGG4HEW&qid=1571988188&smid=A14CZOWI0VEHLG'}
2019-10-25 10:23:11 [scrapy.core.scraper] ERROR: Error processing {'asin': 'B07S2RXHWN',
 'free_delivery': False,
 'is_amazonchoice': False,
 'keyword': 'laptop',
 'price': 27990.0,
 'prime': True,
 'rewiev_count': 37,
 'scrapper': 'amazon_search_result',
 'sponsored': False,
 'sponsored_page': False,
 'sponsored_position': False,
 'stars': 3.2,
 'title': 'Lenovo Ideapad 330S Intel Core I3 7th Gen 14-inch HD Thin and Light '
          'Laptop ( 4GB RAM / 1TB HDD / Windows 10 Home / Platinum Grey / '
          '1.6Kg ), 81F4008UIN',
 'url': 'https://www.amazon.in/Lenovo-Ideapad-14-inch-Platinum-81F4008UIN/dp/B07S2RXHWN/ref=sxbs_sxwds-deals?keywords=laptop&pd_rd_i=B07S2RXHWN&pd_rd_r=556d9322-e64d-4e09-94f7-0f8db7008cb1&pd_rd_w=GvP7o&pd_rd_wg=Kfsb4&pf_rd_p=dce2708d-b03a-46b1-b9be-4c3b39e58433&pf_rd_r=TQ7KWN48F0EM8DGG4HEW&qid=1571988188&smid=A18G98AF65PWN3'}
Traceback (most recent call last):
  File "/home/artem/PycharmProjects/amazon_launch_api/venv/lib/python3.6/site-packages/twisted/internet/defer.py", line 654, in _runCallbacks
    current.result = callback(current.result, *args, **kw)
  File "/home/artem/PycharmProjects/amazon_launch_api/amazon_search_result_scrapper/amazon_2/amazon_2/pipelines.py", line 243, in process_item
    self.store_db(item)
  File "/home/artem/PycharmProjects/amazon_launch_api/amazon_search_result_scrapper/amazon_2/amazon_2/pipelines.py", line 294, in store_db
    keywords = json.loads(row[16])
  File "/usr/lib/python3.6/json/__init__.py", line 354, in loads
    return _default_decoder.decode(s)
  File "/usr/lib/python3.6/json/decoder.py", line 339, in decode
    obj, end = self.raw_decode(s, idx=_w(s, 0).end())
  File "/usr/lib/python3.6/json/decoder.py", line 357, in raw_decode
    raise JSONDecodeError("Expecting value", s, err.value) from None
json.decoder.JSONDecodeError: Expecting value: line 1 column 1 (char 0)
2019-10-25 10:23:11 [scrapy.statscollectors] INFO: Dumping Scrapy stats:
{'downloader/request_bytes': 976,
 'downloader/request_count': 3,
 'downloader/request_method_count/GET': 3,
 'downloader/response_bytes': 416001,
 'downloader/response_count': 3,
 'downloader/response_status_count/200': 3,
 'elapsed_time_seconds': 4.368677,
 'finish_reason': 'shutdown',
 'finish_time': datetime.datetime(2019, 10, 25, 7, 23, 11, 304914),
 'item_scraped_count': 22,
 'log_count/DEBUG': 25,
 'log_count/ERROR': 23,
 'log_count/INFO': 11,
 'log_count/WARNING': 1,
 'memusage/max': 66871296,
 'memusage/startup': 66871296,
 'request_depth_max': 2,
 'response_received_count': 3,
 'scheduler/dequeued': 3,
 'scheduler/dequeued/memory': 3,
 'scheduler/enqueued': 5,
 'scheduler/enqueued/memory': 5,
 'start_time': datetime.datetime(2019, 10, 25, 7, 23, 6, 936237)}
2019-10-25 10:23:11 [scrapy.core.engine] INFO: Spider closed (shutdown)
